<?xml version="1.0" encoding="UTF-8"?>
<testng-results skipped="0" failed="4" total="5" passed="1">
  <reporter-output>
  </reporter-output>
  <suite name="Default suite" duration-ms="238" started-at="2013-02-25T22:51:38Z" finished-at="2013-02-25T22:51:38Z">
    <groups>
    </groups>
    <test name="Default test" duration-ms="238" started-at="2013-02-25T22:51:38Z" finished-at="2013-02-25T22:51:38Z">
      <class name="com.gdg.grep4j.demo.MessageDistributionPerformanceTest">
        <test-method status="PASS" signature="extractProducerTime()[pri:0, instance:com.gdg.grep4j.demo.MessageDistributionPerformanceTest@aaff99]" name="extractProducerTime" is-config="true" duration-ms="147" started-at="2013-02-25T22:51:38Z" finished-at="2013-02-25T22:51:38Z">
          <reporter-output>
          </reporter-output>
        </test-method> <!-- extractProducerTime -->
        <test-method status="PASS" signature="grepConsumerLogs()[pri:0, instance:com.gdg.grep4j.demo.MessageDistributionPerformanceTest@aaff99]" name="grepConsumerLogs" is-config="true" duration-ms="16" started-at="2013-02-25T22:51:38Z" finished-at="2013-02-25T22:51:38Z">
          <reporter-output>
          </reporter-output>
        </test-method> <!-- grepConsumerLogs -->
        <test-method status="PASS" signature="triggerMessageDispatcher()[pri:0, instance:com.gdg.grep4j.demo.MessageDistributionPerformanceTest@aaff99]" name="triggerMessageDispatcher" is-config="true" duration-ms="1" started-at="2013-02-25T22:51:38Z" finished-at="2013-02-25T22:51:38Z">
          <reporter-output>
          </reporter-output>
        </test-method> <!-- triggerMessageDispatcher -->
        <test-method status="FAIL" signature="testConsumer1Latency()[pri:0, instance:com.gdg.grep4j.demo.MessageDistributionPerformanceTest@aaff99]" name="testConsumer1Latency" duration-ms="20" started-at="2013-02-25T22:51:38Z" finished-at="2013-02-25T22:51:38Z">
          <exception class="java.lang.AssertionError">
            <message>
              <![CDATA[
Expected: is a value less than <360L>
     got: <366L>
]]>
            </message>
            <full-stacktrace>
              <![CDATA[java.lang.AssertionError: 
Expected: is a value less than <360L>
     got: <366L>

	at org.junit.Assert.assertThat(Assert.java:780)
	at org.junit.Assert.assertThat(Assert.java:738)
	at com.gdg.grep4j.demo.MessageDistributionPerformanceTest.testConsumer1Latency(MessageDistributionPerformanceTest.java:57)
	at sun.reflect.NativeMethodAccessorImpl.invoke0(Native Method)
	at sun.reflect.NativeMethodAccessorImpl.invoke(Unknown Source)
	at sun.reflect.DelegatingMethodAccessorImpl.invoke(Unknown Source)
	at java.lang.reflect.Method.invoke(Unknown Source)
	at org.testng.internal.MethodInvocationHelper.invokeMethod(MethodInvocationHelper.java:80)
	at org.testng.internal.Invoker.invokeMethod(Invoker.java:714)
	at org.testng.internal.Invoker.invokeTestMethod(Invoker.java:901)
	at org.testng.internal.Invoker.invokeTestMethods(Invoker.java:1231)
	at org.testng.internal.TestMethodWorker.invokeTestMethods(TestMethodWorker.java:127)
	at org.testng.internal.TestMethodWorker.run(TestMethodWorker.java:111)
	at org.testng.TestRunner.privateRun(TestRunner.java:767)
	at org.testng.TestRunner.run(TestRunner.java:617)
	at org.testng.SuiteRunner.runTest(SuiteRunner.java:334)
	at org.testng.SuiteRunner.runSequentially(SuiteRunner.java:329)
	at org.testng.SuiteRunner.privateRun(SuiteRunner.java:291)
	at org.testng.SuiteRunner.run(SuiteRunner.java:240)
	at org.testng.SuiteRunnerWorker.runSuite(SuiteRunnerWorker.java:52)
	at org.testng.SuiteRunnerWorker.run(SuiteRunnerWorker.java:86)
	at org.testng.TestNG.runSuitesSequentially(TestNG.java:1197)
	at org.testng.TestNG.runSuitesLocally(TestNG.java:1122)
	at org.testng.TestNG.run(TestNG.java:1030)
	at org.testng.remote.RemoteTestNG.run(RemoteTestNG.java:111)
	at org.testng.remote.RemoteTestNG.initAndRun(RemoteTestNG.java:204)
	at org.testng.remote.RemoteTestNG.main(RemoteTestNG.java:175)
]]>
            </full-stacktrace>
          </exception> <!-- java.lang.AssertionError -->
          <reporter-output>
          </reporter-output>
        </test-method> <!-- testConsumer1Latency -->
        <test-method status="FAIL" signature="testConsumer2Latency()[pri:0, instance:com.gdg.grep4j.demo.MessageDistributionPerformanceTest@aaff99]" name="testConsumer2Latency" duration-ms="1" started-at="2013-02-25T22:51:38Z" finished-at="2013-02-25T22:51:38Z">
          <exception class="java.lang.AssertionError">
            <message>
              <![CDATA[
Expected: is a value less than <360L>
     got: <369L>
]]>
            </message>
            <full-stacktrace>
              <![CDATA[java.lang.AssertionError: 
Expected: is a value less than <360L>
     got: <369L>

	at org.junit.Assert.assertThat(Assert.java:780)
	at org.junit.Assert.assertThat(Assert.java:738)
	at com.gdg.grep4j.demo.MessageDistributionPerformanceTest.testConsumer2Latency(MessageDistributionPerformanceTest.java:64)
	at sun.reflect.NativeMethodAccessorImpl.invoke0(Native Method)
	at sun.reflect.NativeMethodAccessorImpl.invoke(Unknown Source)
	at sun.reflect.DelegatingMethodAccessorImpl.invoke(Unknown Source)
	at java.lang.reflect.Method.invoke(Unknown Source)
	at org.testng.internal.MethodInvocationHelper.invokeMethod(MethodInvocationHelper.java:80)
	at org.testng.internal.Invoker.invokeMethod(Invoker.java:714)
	at org.testng.internal.Invoker.invokeTestMethod(Invoker.java:901)
	at org.testng.internal.Invoker.invokeTestMethods(Invoker.java:1231)
	at org.testng.internal.TestMethodWorker.invokeTestMethods(TestMethodWorker.java:127)
	at org.testng.internal.TestMethodWorker.run(TestMethodWorker.java:111)
	at org.testng.TestRunner.privateRun(TestRunner.java:767)
	at org.testng.TestRunner.run(TestRunner.java:617)
	at org.testng.SuiteRunner.runTest(SuiteRunner.java:334)
	at org.testng.SuiteRunner.runSequentially(SuiteRunner.java:329)
	at org.testng.SuiteRunner.privateRun(SuiteRunner.java:291)
	at org.testng.SuiteRunner.run(SuiteRunner.java:240)
	at org.testng.SuiteRunnerWorker.runSuite(SuiteRunnerWorker.java:52)
	at org.testng.SuiteRunnerWorker.run(SuiteRunnerWorker.java:86)
	at org.testng.TestNG.runSuitesSequentially(TestNG.java:1197)
	at org.testng.TestNG.runSuitesLocally(TestNG.java:1122)
	at org.testng.TestNG.run(TestNG.java:1030)
	at org.testng.remote.RemoteTestNG.run(RemoteTestNG.java:111)
	at org.testng.remote.RemoteTestNG.initAndRun(RemoteTestNG.java:204)
	at org.testng.remote.RemoteTestNG.main(RemoteTestNG.java:175)
]]>
            </full-stacktrace>
          </exception> <!-- java.lang.AssertionError -->
          <reporter-output>
          </reporter-output>
        </test-method> <!-- testConsumer2Latency -->
        <test-method status="FAIL" signature="testConsumer3Latency()[pri:0, instance:com.gdg.grep4j.demo.MessageDistributionPerformanceTest@aaff99]" name="testConsumer3Latency" duration-ms="1" started-at="2013-02-25T22:51:38Z" finished-at="2013-02-25T22:51:38Z">
          <exception class="java.lang.AssertionError">
            <message>
              <![CDATA[
Expected: is a value less than <360L>
     got: <368L>
]]>
            </message>
            <full-stacktrace>
              <![CDATA[java.lang.AssertionError: 
Expected: is a value less than <360L>
     got: <368L>

	at org.junit.Assert.assertThat(Assert.java:780)
	at org.junit.Assert.assertThat(Assert.java:738)
	at com.gdg.grep4j.demo.MessageDistributionPerformanceTest.testConsumer3Latency(MessageDistributionPerformanceTest.java:72)
	at sun.reflect.NativeMethodAccessorImpl.invoke0(Native Method)
	at sun.reflect.NativeMethodAccessorImpl.invoke(Unknown Source)
	at sun.reflect.DelegatingMethodAccessorImpl.invoke(Unknown Source)
	at java.lang.reflect.Method.invoke(Unknown Source)
	at org.testng.internal.MethodInvocationHelper.invokeMethod(MethodInvocationHelper.java:80)
	at org.testng.internal.Invoker.invokeMethod(Invoker.java:714)
	at org.testng.internal.Invoker.invokeTestMethod(Invoker.java:901)
	at org.testng.internal.Invoker.invokeTestMethods(Invoker.java:1231)
	at org.testng.internal.TestMethodWorker.invokeTestMethods(TestMethodWorker.java:127)
	at org.testng.internal.TestMethodWorker.run(TestMethodWorker.java:111)
	at org.testng.TestRunner.privateRun(TestRunner.java:767)
	at org.testng.TestRunner.run(TestRunner.java:617)
	at org.testng.SuiteRunner.runTest(SuiteRunner.java:334)
	at org.testng.SuiteRunner.runSequentially(SuiteRunner.java:329)
	at org.testng.SuiteRunner.privateRun(SuiteRunner.java:291)
	at org.testng.SuiteRunner.run(SuiteRunner.java:240)
	at org.testng.SuiteRunnerWorker.runSuite(SuiteRunnerWorker.java:52)
	at org.testng.SuiteRunnerWorker.run(SuiteRunnerWorker.java:86)
	at org.testng.TestNG.runSuitesSequentially(TestNG.java:1197)
	at org.testng.TestNG.runSuitesLocally(TestNG.java:1122)
	at org.testng.TestNG.run(TestNG.java:1030)
	at org.testng.remote.RemoteTestNG.run(RemoteTestNG.java:111)
	at org.testng.remote.RemoteTestNG.initAndRun(RemoteTestNG.java:204)
	at org.testng.remote.RemoteTestNG.main(RemoteTestNG.java:175)
]]>
            </full-stacktrace>
          </exception> <!-- java.lang.AssertionError -->
          <reporter-output>
          </reporter-output>
        </test-method> <!-- testConsumer3Latency -->
        <test-method status="PASS" signature="testConsumer4Latency()[pri:0, instance:com.gdg.grep4j.demo.MessageDistributionPerformanceTest@aaff99]" name="testConsumer4Latency" duration-ms="1" started-at="2013-02-25T22:51:38Z" finished-at="2013-02-25T22:51:38Z">
          <reporter-output>
          </reporter-output>
        </test-method> <!-- testConsumer4Latency -->
        <test-method status="FAIL" signature="testConsumer5Latency()[pri:0, instance:com.gdg.grep4j.demo.MessageDistributionPerformanceTest@aaff99]" name="testConsumer5Latency" duration-ms="1" started-at="2013-02-25T22:51:38Z" finished-at="2013-02-25T22:51:38Z">
          <exception class="java.lang.AssertionError">
            <message>
              <![CDATA[
Expected: is a value less than <360L>
     got: <365L>
]]>
            </message>
            <full-stacktrace>
              <![CDATA[java.lang.AssertionError: 
Expected: is a value less than <360L>
     got: <365L>

	at org.junit.Assert.assertThat(Assert.java:780)
	at org.junit.Assert.assertThat(Assert.java:738)
	at com.gdg.grep4j.demo.MessageDistributionPerformanceTest.testConsumer5Latency(MessageDistributionPerformanceTest.java:88)
	at sun.reflect.NativeMethodAccessorImpl.invoke0(Native Method)
	at sun.reflect.NativeMethodAccessorImpl.invoke(Unknown Source)
	at sun.reflect.DelegatingMethodAccessorImpl.invoke(Unknown Source)
	at java.lang.reflect.Method.invoke(Unknown Source)
	at org.testng.internal.MethodInvocationHelper.invokeMethod(MethodInvocationHelper.java:80)
	at org.testng.internal.Invoker.invokeMethod(Invoker.java:714)
	at org.testng.internal.Invoker.invokeTestMethod(Invoker.java:901)
	at org.testng.internal.Invoker.invokeTestMethods(Invoker.java:1231)
	at org.testng.internal.TestMethodWorker.invokeTestMethods(TestMethodWorker.java:127)
	at org.testng.internal.TestMethodWorker.run(TestMethodWorker.java:111)
	at org.testng.TestRunner.privateRun(TestRunner.java:767)
	at org.testng.TestRunner.run(TestRunner.java:617)
	at org.testng.SuiteRunner.runTest(SuiteRunner.java:334)
	at org.testng.SuiteRunner.runSequentially(SuiteRunner.java:329)
	at org.testng.SuiteRunner.privateRun(SuiteRunner.java:291)
	at org.testng.SuiteRunner.run(SuiteRunner.java:240)
	at org.testng.SuiteRunnerWorker.runSuite(SuiteRunnerWorker.java:52)
	at org.testng.SuiteRunnerWorker.run(SuiteRunnerWorker.java:86)
	at org.testng.TestNG.runSuitesSequentially(TestNG.java:1197)
	at org.testng.TestNG.runSuitesLocally(TestNG.java:1122)
	at org.testng.TestNG.run(TestNG.java:1030)
	at org.testng.remote.RemoteTestNG.run(RemoteTestNG.java:111)
	at org.testng.remote.RemoteTestNG.initAndRun(RemoteTestNG.java:204)
	at org.testng.remote.RemoteTestNG.main(RemoteTestNG.java:175)
]]>
            </full-stacktrace>
          </exception> <!-- java.lang.AssertionError -->
          <reporter-output>
          </reporter-output>
        </test-method> <!-- testConsumer5Latency -->
      </class> <!-- com.gdg.grep4j.demo.MessageDistributionPerformanceTest -->
    </test> <!-- Default test -->
  </suite> <!-- Default suite -->
</testng-results>
